Build started 05/14/2017 22:51:52.
     1>Project "C:\Documents and Settings\Administrator\My Documents\Projetos\One-Core-API\dll\win32\wrappers\base\comctlext\DLL\XTaskDlgDLL.vcxproj" on node 2 (rebuild target(s)).
     1>InitializeBuildStatus:
         Creating "Debug64\XTaskDlgDLL.unsuccessfulbuild" because "AlwaysCreate" was specified.
       ClCompile:
         C:\Program Files (x86)\Microsoft Visual Studio 10.0\VC\bin\x86_amd64\CL.exe /c /Zi /nologo /W4 /WX- /Od /D WIN32 /D _WINDOWS /D _DEBUG /D _USRDLL /D _WINDLL /D _MBCS /D _ATL_STATIC_REGISTRY /Gm /EHsc /RTC1 /MTd /GS /fp:precise /Zc:wchar_t /Zc:forScope /Yc"StdAfx.h" /Fp"Debug64\XTaskDlgDLL.pch" /Fo"Debug64\\" /Fd"Debug64\vc100.pdb" /Gd /TP /errorReport:prompt stdafx.cpp
         stdafx.cpp
         C:\Program Files (x86)\Microsoft Visual Studio 10.0\VC\bin\x86_amd64\CL.exe /c /Zi /nologo /W4 /WX- /Od /D WIN32 /D _WINDOWS /D _DEBUG /D _USRDLL /D _WINDLL /D _MBCS /D _ATL_STATIC_REGISTRY /Gm /EHsc /RTC1 /MTd /GS /fp:precise /Zc:wchar_t /Zc:forScope /Yu"StdAfx.h" /Fp"Debug64\XTaskDlgDLL.pch" /Fo"Debug64\\" /Fd"Debug64\vc100.pdb" /Gd /TP /errorReport:prompt ..\XTaskDialog.cpp
         XTaskDialog.cpp
     1>..\XTaskDialog.cpp(2463): warning C4389: '==' : signed/unsigned mismatch
         C:\Program Files (x86)\Microsoft Visual Studio 10.0\VC\bin\x86_amd64\CL.exe /c /Zi /nologo /W4 /WX- /Od /D WIN32 /D _WINDOWS /D _DEBUG /D _USRDLL /D _WINDLL /D _MBCS /D _ATL_STATIC_REGISTRY /Gm /EHsc /RTC1 /MTd /GS /fp:precise /Zc:wchar_t /Zc:forScope /Fo"Debug64\\" /Fd"Debug64\vc100.pdb" /Gd /TP /errorReport:prompt XTaskDlgDLL.cpp
         XTaskDlgDLL.cpp
       ResourceCompile:
         C:\Program Files (x86)\Microsoft SDKs\Windows\v7.0A\bin\rc.exe /D _DEBUG /l"0x0409" /IDebug64\ /nologo /fo"Debug64\XTaskDlgDLL.res" XTaskDlgDLL.rc 
       ManifestResourceCompile:
         C:\Program Files (x86)\Microsoft SDKs\Windows\v7.0A\bin\rc.exe /nologo /fo"Debug64\XTaskDlgDLL.dll.embed.manifest.res" Debug64\XTaskDlgDLL_manifest.rc 
       MakeDirsForLink:
         Creating directory "C:\Documents and Settings\Administrator\My Documents\Projetos\One-Core-API\dll\win32\wrappers\base\comctlext\DLL\..\Debug64".
     1>C:\Program Files (x86)\MSBuild\Microsoft.Cpp\v4.0\Microsoft.CppBuild.targets(990,5): warning MSB8012: TargetPath(C:\Documents and Settings\Administrator\My Documents\Projetos\One-Core-API\dll\win32\wrappers\base\comctlext\DLL\Debug64\XTaskDlgDLL.dll) does not match the Linker's OutputFile property value (C:\Documents and Settings\Administrator\My Documents\Projetos\One-Core-API\dll\win32\wrappers\base\comctlext\Debug64\XTaskDlg.dll). This may cause your project to build incorrectly. To correct this, please make sure that $(OutDir), $(TargetName) and $(TargetExt) property values match the value specified in %(Link.OutputFile).
     1>C:\Program Files (x86)\MSBuild\Microsoft.Cpp\v4.0\Microsoft.CppBuild.targets(992,5): warning MSB8012: TargetName(XTaskDlgDLL) does not match the Linker's OutputFile property value (XTaskDlg). This may cause your project to build incorrectly. To correct this, please make sure that $(OutDir), $(TargetName) and $(TargetExt) property values match the value specified in %(Link.OutputFile).
       Link:
         C:\Program Files (x86)\Microsoft Visual Studio 10.0\VC\bin\x86_amd64\link.exe /ERRORREPORT:PROMPT /OUT:"..\Debug64\XTaskDlg.dll" /INCREMENTAL /NOLOGO kernel32.lib user32.lib gdi32.lib winspool.lib comdlg32.lib advapi32.lib shell32.lib ole32.lib oleaut32.lib uuid.lib odbc32.lib odbccp32.lib /DEF:".\XTaskDlgDLL.def" /MANIFEST /ManifestFile:"Debug64\XTaskDlgDLL.dll.intermediate.manifest" /MANIFESTUAC:"level='asInvoker' uiAccess='false'" /DEBUG /PDB:"C:\Documents and Settings\Administrator\My Documents\Projetos\One-Core-API\dll\win32\wrappers\base\comctlext\DLL\Debug64\XTaskDlgDLL.pdb" /SUBSYSTEM:WINDOWS /TLBID:1 /DYNAMICBASE /NXCOMPAT /MACHINE:X64 /DLL Debug64\XTaskDlgDLL.res
         Debug64\XTaskDlgDLL.dll.embed.manifest.res
         Debug64\stdafx.obj
         Debug64\XTaskDialog.obj
         Debug64\XTaskDlgDLL.obj
            Creating library ..\Debug64\XTaskDlg.lib and object ..\Debug64\XTaskDlg.exp
         XTaskDlgDLL.vcxproj -> C:\Documents and Settings\Administrator\My Documents\Projetos\One-Core-API\dll\win32\wrappers\base\comctlext\DLL\Debug64\XTaskDlgDLL.dll
       Manifest:
         Deleting file "Debug64\XTaskDlgDLL.dll.embed.manifest".
         C:\Program Files (x86)\Microsoft SDKs\Windows\v7.0A\bin\mt.exe /nologo /verbose /out:"Debug64\XTaskDlgDLL.dll.embed.manifest" /manifest Debug64\XTaskDlgDLL.dll.intermediate.manifest
         C:\Program Files (x86)\Microsoft SDKs\Windows\v7.0A\bin\rc.exe /nologo /fo"Debug64\XTaskDlgDLL.dll.embed.manifest.res" Debug64\XTaskDlgDLL_manifest.rc 
       LinkEmbedManifest:
         C:\Program Files (x86)\Microsoft Visual Studio 10.0\VC\bin\x86_amd64\link.exe /ERRORREPORT:PROMPT /OUT:"..\Debug64\XTaskDlg.dll" /INCREMENTAL /NOLOGO kernel32.lib user32.lib gdi32.lib winspool.lib comdlg32.lib advapi32.lib shell32.lib ole32.lib oleaut32.lib uuid.lib odbc32.lib odbccp32.lib /DEF:".\XTaskDlgDLL.def" /MANIFEST /ManifestFile:"Debug64\XTaskDlgDLL.dll.intermediate.manifest" /MANIFESTUAC:"level='asInvoker' uiAccess='false'" /DEBUG /PDB:"C:\Documents and Settings\Administrator\My Documents\Projetos\One-Core-API\dll\win32\wrappers\base\comctlext\DLL\Debug64\XTaskDlgDLL.pdb" /SUBSYSTEM:WINDOWS /TLBID:1 /DYNAMICBASE /NXCOMPAT /MACHINE:X64 /DLL Debug64\XTaskDlgDLL.res
         Debug64\XTaskDlgDLL.dll.embed.manifest.res
         Debug64\stdafx.obj
         Debug64\XTaskDialog.obj
         Debug64\XTaskDlgDLL.obj
         XTaskDlgDLL.vcxproj -> C:\Documents and Settings\Administrator\My Documents\Projetos\One-Core-API\dll\win32\wrappers\base\comctlext\DLL\Debug64\XTaskDlgDLL.dll
       FinalizeBuildStatus:
         Deleting file "Debug64\XTaskDlgDLL.unsuccessfulbuild".
         Touching "Debug64\XTaskDlgDLL.lastbuildstate".
     1>Done Building Project "C:\Documents and Settings\Administrator\My Documents\Projetos\One-Core-API\dll\win32\wrappers\base\comctlext\DLL\XTaskDlgDLL.vcxproj" (rebuild target(s)).

Build succeeded.

Time Elapsed 00:00:09.39
