BUILD: Computing Include file dependencies:
BUILD: Examining f:\develop\one-core\one-core-api-new\drivers\storage\storahci_new directory for files to compile.
oacr invalidate root:x86fre /autocleanqueue
1>Compiling and Linking f:\develop\one-core\one-core-api-new\drivers\storage\storahci_new *************
1>'nmake.exe /nologo BUILDMSG=Stop. -i BUILD_PASS=PASS2 LINKONLY=1 NOPASS0=1 MAKEDIR_RELATIVE_TO_BASEDIR='
1>BUILDMSG: _NT_TARGET_VERSION SET TO WS03
1> F:\Develop\DDK\WinDDK\7600.16385.1\Bin\x86\oacr\oacrlink /out:f:\develop\one-core\one-core-api-new\drivers\storage\storahci_new\objfre_wnet_x86\i386\storahci.sys /machine:ix86 @f:\develop\one-core\one-core-api-new\drivers\storage\storahci_new\objfre_wnet_x86\i386\lnk.rsp
1>Microsoft (R) Incremental Linker Version 9.00.30729.207
1>Copyright (C) Microsoft Corporation.  All rights reserved.
1>/MERGE:_PAGE=PAGE 
1>/MERGE:_TEXT=.text 
1>/SECTION:INIT,d 
1>/OPT:REF 
1>/OPT:ICF 
1>/IGNORE:4198,4010,4037,4039,4065,4070,4078,4087,4089,4221 
1>/INCREMENTAL:NO 
1>/release 
1>/NODEFAULTLIB 
1>/WX 
1>/debug 
1>/debugtype:cv,fixup,pdata 
1>/version:6.1 
1>/osversion:6.1 
1>/functionpadmin:5 
1>/safeseh 
1>/pdbcompress 
1>/STACK:0x40000,0x1000 
1>/driver 
1>/base:0x10000 
1>/subsystem:native,5.02 
1>/entry:GsDriverEntry@8 
1>/out:f:\develop\one-core\one-core-api-new\drivers\storage\storahci_new\objfre_wnet_x86\i386\storahci.sys 
1>f:\develop\one-core\one-core-api-new\drivers\storage\storahci_new\objfre_wnet_x86\i386\storahci_new.res 
1>f:\develop\one-core\one-core-api-new\drivers\storage\storahci_new\objfre_wnet_x86\i386\common.obj 
1>f:\develop\one-core\one-core-api-new\drivers\storage\storahci_new\objfre_wnet_x86\i386\entrypts.obj 
1>f:\develop\one-core\one-core-api-new\drivers\storage\storahci_new\objfre_wnet_x86\i386\hbastat.obj 
1>f:\develop\one-core\one-core-api-new\drivers\storage\storahci_new\objfre_wnet_x86\i386\io.obj 
1>f:\develop\one-core\one-core-api-new\drivers\storage\storahci_new\objfre_wnet_x86\i386\pnppower.obj 
1>f:\develop\one-core\one-core-api-new\drivers\storage\storahci_new\objfre_wnet_x86\i386\util.obj 
1>f:\develop\ddk\winddk\7600.16385.1\lib\wnet\i386\BufferOverflowK.lib 
1>f:\develop\ddk\winddk\7600.16385.1\lib\wnet\i386\int64.lib 
1>f:\develop\ddk\winddk\7600.16385.1\lib\wnet\i386\storport.lib 
1>f:\develop\ddk\winddk\7600.16385.1\lib\wnet\i386\ntoskrnl.lib 
1>f:\develop\ddk\winddk\7600.16385.1\lib\wnet\i386\sehupd.lib 
