C:\DOCUMENTS AND SETTINGS\ADMINISTRATOR\MY DOCUMENTS\PROJETOS\ONE-CORE-API\DLL\WIN32\WRAPPERS\BASE\COMCTLEXT\DEBUG\XTASKDLG.DLL
C:\DOCUMENTS AND SETTINGS\ADMINISTRATOR\MY DOCUMENTS\PROJETOS\ONE-CORE-API\DLL\WIN32\WRAPPERS\BASE\COMCTLEXT\DEBUG\XTASKDLG.ILK
C:\Documents and Settings\Administrator\My Documents\Projetos\One-Core-API\dll\win32\wrappers\base\comctlext\DLL\Debug\cl.command.1.tlog
C:\Documents and Settings\Administrator\My Documents\Projetos\One-Core-API\dll\win32\wrappers\base\comctlext\DLL\Debug\CL.read.1.tlog
C:\Documents and Settings\Administrator\My Documents\Projetos\One-Core-API\dll\win32\wrappers\base\comctlext\DLL\Debug\CL.write.1.tlog
C:\Documents and Settings\Administrator\My Documents\Projetos\One-Core-API\dll\win32\wrappers\base\comctlext\DLL\Debug\link.command.1.tlog
C:\Documents and Settings\Administrator\My Documents\Projetos\One-Core-API\dll\win32\wrappers\base\comctlext\DLL\Debug\link.read.1.tlog
C:\Documents and Settings\Administrator\My Documents\Projetos\One-Core-API\dll\win32\wrappers\base\comctlext\DLL\Debug\link.write.1.tlog
C:\Documents and Settings\Administrator\My Documents\Projetos\One-Core-API\dll\win32\wrappers\base\comctlext\DLL\Debug\link-cvtres.read.1.tlog
C:\Documents and Settings\Administrator\My Documents\Projetos\One-Core-API\dll\win32\wrappers\base\comctlext\DLL\Debug\link-cvtres.write.1.tlog
C:\Documents and Settings\Administrator\My Documents\Projetos\One-Core-API\dll\win32\wrappers\base\comctlext\DLL\Debug\mt.command.1.tlog
C:\Documents and Settings\Administrator\My Documents\Projetos\One-Core-API\dll\win32\wrappers\base\comctlext\DLL\Debug\mt.read.1.tlog
C:\Documents and Settings\Administrator\My Documents\Projetos\One-Core-API\dll\win32\wrappers\base\comctlext\DLL\Debug\mt.write.1.tlog
C:\Documents and Settings\Administrator\My Documents\Projetos\One-Core-API\dll\win32\wrappers\base\comctlext\DLL\Debug\rc.command.1.tlog
C:\Documents and Settings\Administrator\My Documents\Projetos\One-Core-API\dll\win32\wrappers\base\comctlext\DLL\Debug\rc.read.1.tlog
C:\Documents and Settings\Administrator\My Documents\Projetos\One-Core-API\dll\win32\wrappers\base\comctlext\DLL\Debug\rc.write.1.tlog
C:\DOCUMENTS AND SETTINGS\ADMINISTRATOR\MY DOCUMENTS\PROJETOS\ONE-CORE-API\DLL\WIN32\WRAPPERS\BASE\COMCTLEXT\DLL\DEBUG\STDAFX.OBJ
C:\Documents and Settings\Administrator\My Documents\Projetos\One-Core-API\dll\win32\wrappers\base\comctlext\DLL\Debug\vc100.idb
C:\DOCUMENTS AND SETTINGS\ADMINISTRATOR\MY DOCUMENTS\PROJETOS\ONE-CORE-API\DLL\WIN32\WRAPPERS\BASE\COMCTLEXT\DLL\DEBUG\VC100.PDB
C:\DOCUMENTS AND SETTINGS\ADMINISTRATOR\MY DOCUMENTS\PROJETOS\ONE-CORE-API\DLL\WIN32\WRAPPERS\BASE\COMCTLEXT\DLL\DEBUG\XTASKDIALOG.OBJ
C:\DOCUMENTS AND SETTINGS\ADMINISTRATOR\MY DOCUMENTS\PROJETOS\ONE-CORE-API\DLL\WIN32\WRAPPERS\BASE\COMCTLEXT\DLL\DEBUG\XTASKDLGDLL.DLL.EMBED.MANIFEST
C:\DOCUMENTS AND SETTINGS\ADMINISTRATOR\MY DOCUMENTS\PROJETOS\ONE-CORE-API\DLL\WIN32\WRAPPERS\BASE\COMCTLEXT\DLL\DEBUG\XTASKDLGDLL.DLL.EMBED.MANIFEST.RES
C:\DOCUMENTS AND SETTINGS\ADMINISTRATOR\MY DOCUMENTS\PROJETOS\ONE-CORE-API\DLL\WIN32\WRAPPERS\BASE\COMCTLEXT\DLL\DEBUG\XTASKDLGDLL.DLL.INTERMEDIATE.MANIFEST
C:\DOCUMENTS AND SETTINGS\ADMINISTRATOR\MY DOCUMENTS\PROJETOS\ONE-CORE-API\DLL\WIN32\WRAPPERS\BASE\COMCTLEXT\DLL\DEBUG\XTASKDLGDLL.OBJ
C:\DOCUMENTS AND SETTINGS\ADMINISTRATOR\MY DOCUMENTS\PROJETOS\ONE-CORE-API\DLL\WIN32\WRAPPERS\BASE\COMCTLEXT\DLL\DEBUG\XTASKDLGDLL.PCH
C:\DOCUMENTS AND SETTINGS\ADMINISTRATOR\MY DOCUMENTS\PROJETOS\ONE-CORE-API\DLL\WIN32\WRAPPERS\BASE\COMCTLEXT\DLL\DEBUG\XTASKDLGDLL.PDB
C:\DOCUMENTS AND SETTINGS\ADMINISTRATOR\MY DOCUMENTS\PROJETOS\ONE-CORE-API\DLL\WIN32\WRAPPERS\BASE\COMCTLEXT\DLL\DEBUG\XTASKDLGDLL.RES
C:\Documents and Settings\Administrator\My Documents\Projetos\One-Core-API\dll\win32\wrappers\base\comctlext\DLL\Debug\XTaskDlgDLL_manifest.rc
C:\WINDOWS\DEBUG\USERMODE\CHKACC.LOG
Debug\XTaskDlgDLL.pdb
